\BOOKMARK [1][-]{section*.1}{\376\377\000I\000n\000t\000r\000o\000d\000u\000c\000t\000i\000o\000n}{}% 1
\BOOKMARK [1][-]{section*.2}{\376\377\000G\000e\000t\000t\000i\000n\000g\000\040\000s\000t\000a\000r\000t\000e\000d\000\040\000a\000n\000d\000\040\000i\000n\000f\000r\000a\000s\000t\000r\000u\000c\000t\000u\000r\000e}{}% 2
\BOOKMARK [1][-]{section*.3}{\376\377\000M\000e\000t\000h\000o\000d\000s\000:\000\040\000T\000A\000G\000M\000\040\000M\000A\000P}{}% 3
\BOOKMARK [2][-]{section*.4}{\376\377\000I\000n\000t\000r\000o\000d\000u\000c\000t\000i\000o\000n\000\040\000t\000o\000\040\000T\000A\000G\000M\000\040\000M\000A\000P}{section*.3}% 4
\BOOKMARK [3][-]{section*.5}{\376\377\000A\000s\000i\000d\000e\000:\000\040\000c\000o\000l\000l\000i\000n\000e\000a\000r\000i\000t\000y}{section*.4}% 5
\BOOKMARK [2][-]{section*.6}{\376\377\000M\000o\000d\000e\000l\000\040\000v\000i\000s\000u\000a\000l\000i\000s\000a\000t\000i\000o\000n}{section*.3}% 6
\BOOKMARK [2][-]{section*.7}{\376\377\000T\000h\000e\000\040\000e\000x\000p\000e\000c\000t\000a\000t\000i\000o\000n\000-\000m\000a\000x\000i\000m\000i\000s\000a\000t\000i\000o\000n\000\040\000a\000l\000g\000o\000r\000i\000t\000h\000m}{section*.3}% 7
\BOOKMARK [1][-]{section*.8}{\376\377\000M\000e\000t\000h\000o\000d\000s\000:\000\040\000T\000A\000G\000M\000\040\000M\000C\000M\000C\000\040\000a\000\040\000b\000r\000i\000e\000f\000\040\000o\000v\000e\000r\000v\000i\000e\000w}{}% 8
\BOOKMARK [1][-]{section*.9}{\376\377\000M\000e\000t\000h\000o\000d\000s\000:\000\040\000T\000A\000G\000M\000\040\000M\000C\000M\000C\000\040\000t\000h\000e\000\040\000d\000e\000t\000a\000i\000l\000s}{}% 9
\BOOKMARK [2][-]{section*.10}{\376\377\000D\000a\000t\000a\000\040\000e\000x\000p\000l\000o\000r\000a\000t\000i\000o\000n\000\040\000a\000n\000d\000\040\000c\000o\000n\000v\000e\000r\000g\000e\000n\000c\000e\000\040\000d\000i\000a\000g\000n\000o\000s\000t\000i\000c\000s}{section*.9}% 10
\BOOKMARK [3][-]{section*.11}{\376\377\000A\000p\000p\000l\000y\000i\000n\000g\000\040\000t\000h\000e\000\040\000G\000e\000l\000m\000a\000n\000\040\000d\000i\000a\000g\000n\000o\000s\000t\000i\000c}{section*.10}% 11
\BOOKMARK [3][-]{section*.12}{\376\377\000A\000p\000p\000l\000y\000i\000n\000g\000\040\000t\000h\000e\000\040\000G\000e\000w\000e\000k\000e\000\040\000d\000i\000a\000g\000n\000o\000s\000t\000i\000c}{section*.10}% 12
\BOOKMARK [2][-]{section*.13}{\376\377\000P\000r\000o\000c\000e\000s\000s\000i\000n\000g\000\040\000c\000o\000n\000v\000e\000r\000g\000e\000d\000\040\000c\000h\000a\000i\000n\000s}{section*.9}% 13
\BOOKMARK [2][-]{section*.14}{\376\377\000P\000r\000i\000o\000r\000s}{section*.9}% 14
\BOOKMARK [3][-]{section*.15}{\376\377\000I\000n\000t\000r\000o\000d\000u\000c\000t\000i\000o\000n}{section*.14}% 15
\BOOKMARK [3][-]{section*.16}{\376\377\000E\000m\000p\000i\000r\000i\000c\000a\000l\000\040\000B\000a\000y\000e\000s\000\040\000p\000r\000i\000o\000r\000s\000\040\000o\000n\000\040\000t\000h\000e\000\040\000m\000i\000x\000t\000u\000r\000e\000\040\000c\000o\000m\000p\000o\000n\000e\000n\000t\000s}{section*.14}% 16
\BOOKMARK [3][-]{section*.17}{\376\377\000P\000r\000i\000o\000r\000\040\000o\000n\000\040\000t\000h\000e\000\040\000m\000i\000x\000i\000n\000g\000\040\000p\000r\000o\000p\000o\000r\000t\000i\000o\000n\000s}{section*.14}% 17
\BOOKMARK [3][-]{section*.18}{\376\377\000P\000r\000i\000o\000r\000\040\000o\000n\000\040\000t\000h\000e\000\040\000p\000r\000o\000p\000o\000r\000t\000i\000o\000n\000\040\000o\000f\000\040\000o\000u\000t\000l\000i\000e\000r\000\040\000p\000r\000o\000t\000e\000i\000n\000s}{section*.14}% 18
\BOOKMARK [2][-]{section*.19}{\376\377\000A\000n\000a\000l\000y\000s\000i\000s\000,\000\040\000v\000i\000s\000u\000a\000l\000i\000s\000a\000t\000i\000o\000n\000\040\000a\000n\000d\000\040\000i\000n\000t\000e\000r\000p\000r\000e\000t\000a\000t\000i\000o\000n\000\040\000o\000f\000\040\000r\000e\000s\000u\000l\000t\000s}{section*.9}% 19
\BOOKMARK [1][-]{section*.20}{\376\377\000D\000i\000s\000c\000u\000s\000s\000i\000o\000n}{}% 20
\BOOKMARK [1][-]{section*.21}{\376\377\000S\000e\000s\000s\000i\000o\000n\000\040\000i\000n\000f\000o\000r\000m\000a\000t\000i\000o\000n}{}% 21
\BOOKMARK [1][-]{section*.22}{\376\377\000D\000a\000t\000a\000\040\000a\000v\000a\000i\000l\000a\000b\000i\000l\000i\000t\000y}{}% 22
\BOOKMARK [1][-]{section*.23}{\376\377\000S\000o\000f\000t\000w\000a\000r\000e\000\040\000a\000v\000a\000i\000l\000a\000b\000i\000l\000i\000t\000y}{}% 23
\BOOKMARK [1][-]{section*.24}{\376\377\000G\000r\000a\000n\000t\000\040\000i\000n\000f\000o\000r\000m\000a\000t\000i\000o\000n}{}% 24
\BOOKMARK [1][-]{section*.25}{\376\377\000R\000e\000f\000e\000r\000e\000n\000c\000e\000s}{}% 25
